\BOOKMARK [1][-]{section.1}{\376\377\0001\000\040\000I\000n\000t\000r\000o\000d\000u\000c\000t\000i\000o\000n}{}% 1
\BOOKMARK [1][-]{section.2}{\376\377\0002\000\040\000T\000h\000e\000\040\000A\000D\000X\000L\0003\0004\0005\000\040\000D\000i\000g\000i\000t\000a\000l\000\040\000A\000c\000c\000e\000l\000e\000r\000o\000m\000e\000t\000e\000r\000\040}{}% 2
\BOOKMARK [2][-]{subsection.2.1}{\376\377\0002\000.\0001\000\040\000T\000h\000e\000\040\000A\000D\000X\000L\0003\0004\0005\000\040\000I\000n\000t\000e\000r\000n\000a\000l\000\040\000R\000e\000g\000i\000s\000t\000e\000r\000s}{section.2}% 3
\BOOKMARK [3][-]{subsubsection.2.1.1}{\376\377\0002\000.\0001\000.\0001\000\040\000D\000E\000V\000I\000D\000\040\000\050\0000\000x\0000\0000\000\051}{subsection.2.1}% 4
\BOOKMARK [3][-]{subsubsection.2.1.2}{\376\377\0002\000.\0001\000.\0002\000\040\000B\000W\000\137\000R\000A\000T\000E\000\040\000\050\0000\000x\0002\000C\000\051}{subsection.2.1}% 5
\BOOKMARK [3][-]{subsubsection.2.1.3}{\376\377\0002\000.\0001\000.\0003\000\040\000P\000O\000W\000E\000R\000\137\000C\000T\000L\000\040\000\050\0000\000x\0002\000D\000\051}{subsection.2.1}% 6
\BOOKMARK [3][-]{subsubsection.2.1.4}{\376\377\0002\000.\0001\000.\0004\000\040\000I\000N\000T\000\137\000S\000O\000U\000R\000C\000E\000\040\000\050\0000\000x\0003\0000\000\051}{subsection.2.1}% 7
\BOOKMARK [3][-]{subsubsection.2.1.5}{\376\377\0002\000.\0001\000.\0005\000\040\000D\000A\000T\000A\000\137\000F\000O\000R\000M\000A\000T\000\040\000\050\0000\000x\0003\0001\000\051}{subsection.2.1}% 8
\BOOKMARK [3][-]{subsubsection.2.1.6}{\376\377\0002\000.\0001\000.\0006\000\040\000D\000A\000T\000A\000\040\000R\000e\000g\000i\000s\000t\000e\000r\000s\000\040\000\050\0000\000x\0003\0002\000-\0000\000x\0003\0007\000\051}{subsection.2.1}% 9
\BOOKMARK [3][-]{subsubsection.2.1.7}{\376\377\0002\000.\0001\000.\0007\000\040\000T\000H\000R\000E\000S\000H\000\137\000A\000C\000T\000,\000\040\000T\000H\000R\000E\000S\000H\000\137\000I\000N\000A\000C\000T\000,\000\040\000T\000I\000M\000E\000\137\000I\000N\000A\000C\000T\000,\000\040\000A\000C\000T\000\137\000I\000N\000A\000C\000T\000\137\000C\000T\000L\000\040\000\050\0000\000x\0002\0004\000\040\000-\000\040\0000\000x\0002\0007\000\051}{subsection.2.1}% 10
\BOOKMARK [1][-]{section.3}{\376\377\0003\000\040\000C\000o\000m\000m\000u\000n\000i\000c\000a\000t\000i\000n\000g\000\040\000w\000i\000t\000h\000\040\000t\000h\000e\000\040\000A\000D\000X\000L\0003\0004\0005}{}% 11
\BOOKMARK [2][-]{subsection.3.1}{\376\377\0003\000.\0001\000\040\000T\000h\000e\000\040\000P\000i\000n\000\040\000M\000u\000l\000t\000i\000p\000l\000e\000x\000e\000r}{section.3}% 12
\BOOKMARK [2][-]{subsection.3.2}{\376\377\0003\000.\0002\000\040\000T\000h\000e\000\040\000I\0002\000C\0000\000\040\000C\000o\000n\000t\000r\000o\000l\000l\000e\000r}{section.3}% 13
\BOOKMARK [3][-]{subsubsection.3.2.1}{\376\377\0003\000.\0002\000.\0001\000\040\000i\000c\000\137\000c\000o\000n\000\040\000\050\0000\000x\0000\000\051}{subsection.3.2}% 14
\BOOKMARK [3][-]{subsubsection.3.2.2}{\376\377\0003\000.\0002\000.\0002\000\040\000i\000c\000\137\000t\000a\000r\000\040\000\050\0000\000x\0004\000\051}{subsection.3.2}% 15
\BOOKMARK [3][-]{subsubsection.3.2.3}{\376\377\0003\000.\0002\000.\0003\000\040\000i\000c\000\137\000d\000a\000t\000a\000\137\000c\000m\000d\000\040\000\050\0000\000x\0001\0000\000\051}{subsection.3.2}% 16
\BOOKMARK [3][-]{subsubsection.3.2.4}{\376\377\0003\000.\0002\000.\0004\000\040\000i\000c\000\137\000f\000s\000\137\000s\000c\000l\000\137\000h\000c\000n\000t\000\040\000\050\0000\000x\0001\000C\000\051}{subsection.3.2}% 17
\BOOKMARK [3][-]{subsubsection.3.2.5}{\376\377\0003\000.\0002\000.\0005\000\040\000i\000c\000\137\000f\000s\000\137\000s\000c\000l\000\137\000l\000c\000n\000t\000\040\000\050\0000\000x\0002\0000\000\051}{subsection.3.2}% 18
\BOOKMARK [3][-]{subsubsection.3.2.6}{\376\377\0003\000.\0002\000.\0006\000\040\000i\000c\000\137\000c\000l\000r\000\137\000i\000n\000t\000r\000\040\000\050\0000\000x\0004\0000\000\051}{subsection.3.2}% 19
\BOOKMARK [3][-]{subsubsection.3.2.7}{\376\377\0003\000.\0002\000.\0007\000\040\000i\000c\000\137\000e\000n\000a\000b\000l\000e\000\040\000\050\0000\000x\0006\000C\000\051}{subsection.3.2}% 20
\BOOKMARK [3][-]{subsubsection.3.2.8}{\376\377\0003\000.\0002\000.\0008\000\040\000i\000c\000\137\000t\000x\000f\000l\000r\000\040\000\050\0000\000x\0007\0004\000\051}{subsection.3.2}% 21
\BOOKMARK [3][-]{subsubsection.3.2.9}{\376\377\0003\000.\0002\000.\0009\000\040\000i\000c\000\137\000r\000x\000f\000l\000r\000\040\000\050\0000\000x\0007\0008\000\051}{subsection.3.2}% 22
\BOOKMARK [3][-]{subsubsection.3.2.10}{\376\377\0003\000.\0002\000.\0001\0000\000\040\000i\000c\000\137\000e\000n\000a\000b\000l\000e\000\137\000s\000t\000a\000t\000u\000s\000\040\000\050\0000\000x\0009\000C\000\051}{subsection.3.2}% 23
\BOOKMARK [1][-]{section.4}{\376\377\0004\000\040\000U\000s\000i\000n\000g\000\040\000t\000h\000e\000\040\000A\000c\000c\000e\000l\000e\000r\000o\000m\000e\000t\000e\000r\000\040\000i\000n\000\040\000C\000-\000L\000a\000n\000g\000u\000a\000g\000e\000\040\000C\000o\000d\000e}{}% 24
\BOOKMARK [2][-]{subsection.4.1}{\376\377\0004\000.\0001\000\040\000C\000o\000n\000f\000i\000g\000u\000r\000i\000n\000g\000\040\000t\000h\000e\000\040\000P\000i\000n\000\040\000M\000u\000l\000t\000i\000p\000l\000e\000x\000e\000r}{section.4}% 25
\BOOKMARK [2][-]{subsection.4.2}{\376\377\0004\000.\0002\000\040\000C\000o\000n\000f\000i\000g\000u\000r\000i\000n\000g\000\040\000I\0002\000C\0000}{section.4}% 26
\BOOKMARK [2][-]{subsection.4.3}{\376\377\0004\000.\0003\000\040\000R\000e\000a\000d\000i\000n\000g\000\040\000a\000n\000d\000\040\000W\000r\000i\000t\000i\000n\000g\000\040\000t\000h\000e\000\040\000A\000D\000X\000L\0003\0004\0005\000\040\000I\000n\000t\000e\000r\000n\000a\000l\000\040\000R\000e\000g\000i\000s\000t\000e\000r\000s}{section.4}% 27
\BOOKMARK [2][-]{subsection.4.4}{\376\377\0004\000.\0004\000\040\000C\000o\000n\000f\000i\000g\000u\000r\000i\000n\000g\000\040\000t\000h\000e\000\040\000A\000D\000X\000L\0003\0004\0005}{section.4}% 28
\BOOKMARK [2][-]{subsection.4.5}{\376\377\0004\000.\0005\000\040\000R\000e\000a\000d\000i\000n\000g\000\040\000t\000h\000e\000\040\000A\000c\000c\000e\000l\000e\000r\000a\000t\000i\000o\000n\000\040\000D\000a\000t\000a}{section.4}% 29
\BOOKMARK [2][-]{subsection.4.6}{\376\377\0004\000.\0006\000\040\000P\000u\000t\000t\000i\000n\000g\000\040\000i\000t\000\040\000A\000l\000l\000\040\000T\000o\000g\000e\000t\000h\000e\000r\000:\000\040\000A\000n\000\040\000E\000x\000a\000m\000p\000l\000e\000\040\000C\000\040\000P\000r\000o\000g\000r\000a\000m}{section.4}% 30
