\BOOKMARK [1][-]{section.1}{\376\377\0001\000\040\000I\000n\000t\000r\000o\000d\000u\000c\000t\000i\000o\000n}{}% 1
\BOOKMARK [1][-]{section.2}{\376\377\0002\000\040\000R\000u\000n\000n\000i\000n\000g\000\040\000L\000i\000n\000u\000x\000*\000\040\000o\000n\000\040\000t\000h\000e\000\040\000D\000E\0001\000-\000S\000o\000C\000\040\000B\000o\000a\000r\000d}{}% 2
\BOOKMARK [2][-]{subsection.2.1}{\376\377\0002\000.\0001\000\040\000I\000n\000t\000e\000l\000\040\000C\000y\000c\000l\000o\000n\000e\000\256\000\040\000V\000\040\000S\000o\000C\000\040\000D\000e\000v\000i\000c\000e\000s}{section.2}% 3
\BOOKMARK [2][-]{subsection.2.2}{\376\377\0002\000.\0002\000\040\000T\000h\000e\000\040\000L\000i\000n\000u\000x\000*\000\040\000D\000i\000s\000t\000r\000i\000b\000u\000t\000i\000o\000n\000\040\000I\000m\000a\000g\000e}{section.2}% 4
\BOOKMARK [2][-]{subsection.2.3}{\376\377\0002\000.\0003\000\040\000P\000r\000e\000p\000a\000r\000i\000n\000g\000\040\000t\000h\000e\000\040\000L\000i\000n\000u\000x\000*\000\040\000M\000i\000c\000r\000o\000S\000D\000*\000\040\000C\000a\000r\000d}{section.2}% 5
\BOOKMARK [3][-]{subsubsection.2.3.1}{\376\377\0002\000.\0003\000.\0001\000\040\000P\000r\000e\000p\000a\000r\000i\000n\000g\000\040\000a\000\040\000M\000i\000c\000r\000o\000S\000D\000\040\000C\000a\000r\000d\000\040\000U\000s\000i\000n\000g\000\040\000M\000S\000\040\000W\000i\000n\000d\000o\000w\000s}{subsection.2.3}% 6
\BOOKMARK [3][-]{subsubsection.2.3.2}{\376\377\0002\000.\0003\000.\0002\000\040\000P\000r\000e\000p\000a\000r\000i\000n\000g\000\040\000a\000\040\000M\000i\000c\000r\000o\000S\000D\000\040\000C\000a\000r\000d\000\040\000U\000s\000i\000n\000g\000\040\000m\000a\000c\000O\000S\000\040\000o\000r\000\040\000L\000i\000n\000u\000x}{subsection.2.3}% 7
\BOOKMARK [2][-]{subsection.2.4}{\376\377\0002\000.\0004\000\040\000S\000e\000t\000t\000i\000n\000g\000\040\000u\000p\000\040\000y\000o\000u\000r\000\040\000D\000E\0001\000-\000S\000o\000C\000\040\000B\000o\000a\000r\000d\000\040\000f\000o\000r\000\040\000u\000s\000e\000\040\000w\000i\000t\000h\000\040\000L\000i\000n\000u\000x}{section.2}% 8
\BOOKMARK [1][-]{section.3}{\376\377\0003\000\040\000C\000o\000n\000n\000e\000c\000t\000i\000n\000g\000\040\000y\000o\000u\000r\000\040\000D\000E\0001\000-\000S\000o\000C\000\040\000B\000o\000a\000r\000d\000\040\000t\000o\000\040\000a\000\040\000H\000o\000s\000t\000\040\000C\000o\000m\000p\000u\000t\000e\000r}{}% 9
\BOOKMARK [2][-]{subsection.3.1}{\376\377\0003\000.\0001\000\040\000C\000o\000n\000n\000e\000c\000t\000i\000n\000g\000\040\000t\000o\000\040\000t\000h\000e\000\040\000H\000o\000s\000t\000\040\000C\000o\000m\000p\000u\000t\000e\000r\000\040\000u\000s\000i\000n\000g\000\040\000a\000\040\000U\000S\000B\000-\000t\000o\000-\000U\000A\000R\000T\000\040\000C\000o\000n\000n\000e\000c\000t\000i\000o\000n}{section.3}% 10
\BOOKMARK [3][-]{subsubsection.3.1.1}{\376\377\0003\000.\0001\000.\0001\000\040\000C\000o\000n\000n\000e\000c\000t\000i\000n\000g\000\040\000t\000o\000\040\000a\000\040\000S\000e\000r\000i\000a\000l\000\040\000P\000o\000r\000t\000\040\000u\000s\000i\000n\000g\000\040\000a\000\040\000M\000i\000c\000r\000o\000s\000o\000f\000t\000*\000\040\000W\000i\000n\000d\000o\000w\000s\000*\000\040\000H\000o\000s\000t\000\040\000C\000o\000m\000p\000u\000t\000e\000r}{subsection.3.1}% 11
\BOOKMARK [3][-]{subsubsection.3.1.2}{\376\377\0003\000.\0001\000.\0002\000\040\000U\000s\000i\000n\000g\000\040\000P\000u\000t\000t\000y}{subsection.3.1}% 12
\BOOKMARK [3][-]{subsubsection.3.1.3}{\376\377\0003\000.\0001\000.\0003\000\040\000U\000s\000i\000n\000g\000\040\000a\000\040\000L\000i\000n\000u\000x\000*\000\040\000H\000o\000s\000t\000\040\000C\000o\000m\000p\000u\000t\000e\000r}{subsection.3.1}% 13
\BOOKMARK [3][-]{subsubsection.3.1.4}{\376\377\0003\000.\0001\000.\0004\000\040\000U\000s\000i\000n\000g\000\040\000a\000\040\000m\000a\000c\000O\000S\000\040\000H\000o\000s\000t\000\040\000C\000o\000m\000p\000u\000t\000e\000r}{subsection.3.1}% 14
\BOOKMARK [2][-]{subsection.3.2}{\376\377\0003\000.\0002\000\040\000C\000o\000n\000n\000e\000c\000t\000i\000n\000g\000\040\000t\000o\000\040\000t\000h\000e\000\040\000H\000o\000s\000t\000\040\000C\000o\000m\000p\000u\000t\000e\000r\000\040\000u\000s\000i\000n\000g\000\040\000a\000\040\000N\000e\000t\000w\000o\000r\000k}{section.3}% 15
\BOOKMARK [3][-]{subsubsection.3.2.1}{\376\377\0003\000.\0002\000.\0001\000\040\000C\000o\000n\000n\000e\000c\000t\000i\000o\000n\000\040\000u\000s\000i\000n\000g\000\040\000a\000n\000\040\000E\000t\000h\000e\000r\000n\000e\000t\000\040\000C\000a\000b\000l\000e}{subsection.3.2}% 16
\BOOKMARK [3][-]{subsubsection.3.2.2}{\376\377\0003\000.\0002\000.\0002\000\040\000C\000o\000n\000n\000e\000c\000t\000i\000n\000g\000\040\000t\000o\000\040\000t\000h\000e\000\040\000H\000o\000s\000t\000\040\000C\000o\000m\000p\000u\000t\000e\000r\000\040\000u\000s\000i\000n\000g\000\040\000a\000\040\000W\000i\000F\000i\000\040\000A\000d\000a\000p\000t\000e\000r}{subsection.3.2}% 17
\BOOKMARK [2][-]{subsection.3.3}{\376\377\0003\000.\0003\000\040\000U\000s\000i\000n\000g\000\040\000t\000h\000e\000\040\000N\000e\000t\000w\000o\000r\000k\000\040\000C\000o\000n\000n\000e\000c\000t\000i\000o\000n\000\040\000t\000o\000\040\000Y\000o\000u\000r\000\040\000D\000E\0001\000-\000S\000o\000C\000\040\000B\000o\000a\000r\000d}{section.3}% 18
\BOOKMARK [3][-]{subsubsection.3.3.1}{\376\377\0003\000.\0003\000.\0001\000\040\000U\000s\000i\000n\000g\000\040\000S\000e\000c\000u\000r\000e\000\040\000S\000h\000e\000l\000l\000\040\000\050\000s\000s\000h\000\051}{subsection.3.3}% 19
\BOOKMARK [3][-]{subsubsection.3.3.2}{\376\377\0003\000.\0003\000.\0002\000\040\000U\000s\000i\000n\000g\000\040\000t\000h\000e\000\040\000V\000N\000C\000\040\000S\000e\000r\000v\000e\000r}{subsection.3.3}% 20
\BOOKMARK [3][-]{subsubsection.3.3.3}{\376\377\0003\000.\0003\000.\0003\000\040\000U\000s\000i\000n\000g\000\040\000V\000N\000C\000\040\000o\000n\000\040\000M\000S\000\040\000W\000i\000n\000d\000o\000w\000s}{subsection.3.3}% 21
\BOOKMARK [3][-]{subsubsection.3.3.4}{\376\377\0003\000.\0003\000.\0004\000\040\000U\000s\000i\000n\000g\000\040\000V\000N\000C\000\040\000o\000n\000\040\000L\000i\000n\000u\000x}{subsection.3.3}% 22
\BOOKMARK [3][-]{subsubsection.3.3.5}{\376\377\0003\000.\0003\000.\0005\000\040\000U\000s\000i\000n\000g\000\040\000V\000N\000C\000\040\000o\000n\000\040\000m\000a\000c\000O\000S}{subsection.3.3}% 23
\BOOKMARK [3][-]{subsubsection.3.3.6}{\376\377\0003\000.\0003\000.\0006\000\040\000T\000r\000a\000n\000s\000f\000e\000r\000r\000i\000n\000g\000\040\000F\000i\000l\000e\000s\000\040\000t\000o\000/\000f\000r\000o\000m\000\040\000t\000h\000e\000\040\000H\000o\000s\000t\000\040\000C\000o\000m\000p\000u\000t\000e\000r}{subsection.3.3}% 24
\BOOKMARK [1][-]{section.4}{\376\377\0004\000\040\000D\000e\000v\000e\000l\000o\000p\000i\000n\000g\000\040\000L\000i\000n\000u\000x\000*\000\040\000P\000r\000o\000g\000r\000a\000m\000s\000\040\000f\000o\000r\000\040\000y\000o\000u\000r\000\040\000D\000E\0001\000-\000S\000o\000C\000\040\000B\000o\000a\000r\000d}{}% 25
\BOOKMARK [2][-]{subsection.4.1}{\376\377\0004\000.\0001\000\040\000N\000a\000t\000i\000v\000e\000\040\000C\000o\000m\000p\000i\000l\000a\000t\000i\000o\000n\000\040\000o\000n\000\040\000t\000h\000e\000\040\000D\000E\0001\000-\000S\000o\000C\000\040\000B\000o\000a\000r\000d}{section.4}% 26
\BOOKMARK [2][-]{subsection.4.2}{\376\377\0004\000.\0002\000\040\000A\000c\000c\000e\000s\000s\000i\000n\000g\000\040\000H\000a\000r\000d\000w\000a\000r\000e\000\040\000D\000e\000v\000i\000c\000e\000s\000\040\000i\000n\000\040\000t\000h\000e\000\040\000F\000P\000G\000A\000\040\000f\000r\000o\000m\000\040\000a\000\040\000L\000i\000n\000u\000x\000*\000\040\000P\000r\000o\000g\000r\000a\000m}{section.4}% 27
\BOOKMARK [2][-]{subsection.4.3}{\376\377\0004\000.\0003\000\040\000E\000x\000a\000m\000p\000l\000e\000\040\000P\000r\000o\000g\000r\000a\000m\000\040\000t\000h\000a\000t\000\040\000u\000s\000e\000s\000\040\000a\000n\000\040\000F\000P\000G\000A\000\040\000H\000a\000r\000d\000w\000a\000r\000e\000\040\000D\000e\000v\000i\000c\000e}{section.4}% 28
\BOOKMARK [2][-]{subsection.4.4}{\376\377\0004\000.\0004\000\040\000D\000e\000v\000i\000c\000e\000\040\000D\000r\000i\000v\000e\000r\000s}{section.4}% 29
\BOOKMARK [3][-]{subsubsection.4.4.1}{\376\377\0004\000.\0004\000.\0001\000\040\000T\000h\000e\000\040\000P\000u\000s\000h\000b\000u\000t\000t\000o\000n\000\040\000I\000n\000t\000e\000r\000r\000u\000p\000t\000\040\000H\000a\000n\000d\000l\000e\000r\000\040\000K\000e\000r\000n\000e\000l\000\040\000M\000o\000d\000u\000l\000e}{subsection.4.4}% 30
\BOOKMARK [3][-]{subsubsection.4.4.2}{\376\377\0004\000.\0004\000.\0002\000\040\000C\000o\000m\000p\000i\000l\000i\000n\000g\000\040\000t\000h\000e\000\040\000K\000e\000r\000n\000e\000l\000\040\000M\000o\000d\000u\000l\000e}{subsection.4.4}% 31
\BOOKMARK [3][-]{subsubsection.4.4.3}{\376\377\0004\000.\0004\000.\0003\000\040\000U\000s\000i\000n\000g\000\040\000t\000h\000e\000\040\000m\000a\000k\000e\000\040\000T\000o\000o\000l}{subsection.4.4}% 32
\BOOKMARK [3][-]{subsubsection.4.4.4}{\376\377\0004\000.\0004\000.\0004\000\040\000R\000u\000n\000n\000i\000n\000g\000\040\000t\000h\000e\000\040\000K\000e\000r\000n\000e\000l\000\040\000M\000o\000d\000u\000l\000e}{subsection.4.4}% 33
\BOOKMARK [3][-]{subsubsection.4.4.5}{\376\377\0004\000.\0004\000.\0005\000\040\000U\000s\000i\000n\000g\000\040\000I\000n\000t\000e\000l\000\256\000\040\000F\000P\000G\000A\000\040\000D\000e\000v\000i\000c\000e\000\040\000D\000r\000i\000v\000e\000r\000s}{subsection.4.4}% 34
